Replace Part *? ESP32 WROOM 32 in C:\Users\admin\Downloads\PCB 8051_ESP32\PCB_Project_1\8051_ESP32CAM.SchDoc with ESP32 WROOM 32 from Altium_Lib_by_KhueNguyenCreator.IntLib
Replace Part ? Header 2 in C:\Users\admin\Downloads\PCB 8051_ESP32\PCB_Project_1\8051_ESP32CAM.SchDoc with Header 2 from Miscellaneous Connectors.IntLib
Replace Part ? Res1 in C:\Users\admin\Downloads\PCB 8051_ESP32\PCB_Project_1\8051_ESP32CAM.SchDoc with Res1 from Miscellaneous Devices.IntLib
Replace Part ? Res1 in C:\Users\admin\Downloads\PCB 8051_ESP32\PCB_Project_1\8051_ESP32CAM.SchDoc with Res1 from Miscellaneous Devices.IntLib
Replace Part ? Res1 in C:\Users\admin\Downloads\PCB 8051_ESP32\PCB_Project_1\8051_ESP32CAM.SchDoc with Res1 from Miscellaneous Devices.IntLib
Replace Part ? Res1 in C:\Users\admin\Downloads\PCB 8051_ESP32\PCB_Project_1\8051_ESP32CAM.SchDoc with Res1 from Miscellaneous Devices.IntLib
Replace Part ? Res1 in C:\Users\admin\Downloads\PCB 8051_ESP32\PCB_Project_1\8051_ESP32CAM.SchDoc with Res1 from Miscellaneous Devices.IntLib
Replace Part ? Res1 in C:\Users\admin\Downloads\PCB 8051_ESP32\PCB_Project_1\8051_ESP32CAM.SchDoc with Res1 from Miscellaneous Devices.IntLib
Replace Part ? Res1 in C:\Users\admin\Downloads\PCB 8051_ESP32\PCB_Project_1\8051_ESP32CAM.SchDoc with Res1 from Miscellaneous Devices.IntLib
Replace Part ? Res1 in C:\Users\admin\Downloads\PCB 8051_ESP32\PCB_Project_1\8051_ESP32CAM.SchDoc with Res1 from Miscellaneous Devices.IntLib
Replace Part ? Res1 in C:\Users\admin\Downloads\PCB 8051_ESP32\PCB_Project_1\8051_ESP32CAM.SchDoc with Res1 from Miscellaneous Devices.IntLib
Replace Part ? Res1 in C:\Users\admin\Downloads\PCB 8051_ESP32\PCB_Project_1\8051_ESP32CAM.SchDoc with Res1 from Miscellaneous Devices.IntLib
Replace Part ? Res1 in C:\Users\admin\Downloads\PCB 8051_ESP32\PCB_Project_1\8051_ESP32CAM.SchDoc with Res1 from Miscellaneous Devices.IntLib
Replace Part ? Res1 in C:\Users\admin\Downloads\PCB 8051_ESP32\PCB_Project_1\8051_ESP32CAM.SchDoc with Res1 from Miscellaneous Devices.IntLib
Replace Part ? Res1 in C:\Users\admin\Downloads\PCB 8051_ESP32\PCB_Project_1\8051_ESP32CAM.SchDoc with Res1 from Miscellaneous Devices.IntLib
Replace Part ? Res1 in C:\Users\admin\Downloads\PCB 8051_ESP32\PCB_Project_1\8051_ESP32CAM.SchDoc with Res1 from Miscellaneous Devices.IntLib
Replace Part ? Res1 in C:\Users\admin\Downloads\PCB 8051_ESP32\PCB_Project_1\8051_ESP32CAM.SchDoc with Res1 from Miscellaneous Devices.IntLib
Replace Part ? Res1 in C:\Users\admin\Downloads\PCB 8051_ESP32\PCB_Project_1\8051_ESP32CAM.SchDoc with Res1 from Miscellaneous Devices.IntLib
Replace Part ? LED 7x1 0.56 Anot in C:\Users\admin\Downloads\PCB 8051_ESP32\PCB_Project_1\8051_ESP32CAM.SchDoc with LED 7x1 0.56 Anot from Altium_Lib_by_KhueNguyenCreator.IntLib
Replace Part ? AT89S8253 in C:\Users\admin\Downloads\PCB 8051_ESP32\PCB_Project_1\8051_ESP32CAM.SchDoc with AT89S8253 from T306_VDK.SchLib
Replace Part LED? LED 3mm Xanh La in C:\Users\admin\Downloads\PCB 8051_ESP32\PCB_Project_1\8051_ESP32CAM.SchDoc with LED 3mm Xanh La from Altium_Lib_by_KhueNguyenCreator.IntLib
Replace Part LED? LED 3mm Do in C:\Users\admin\Downloads\PCB 8051_ESP32\PCB_Project_1\8051_ESP32CAM.SchDoc with LED 3mm Do from Altium_Lib_by_KhueNguyenCreator.IntLib
Replace Part LED? LED_phi 5 in C:\Users\admin\Downloads\PCB 8051_ESP32\PCB_Project_1\8051_ESP32CAM.SchDoc with LED_phi 5 from T306_TEN.SchLib
Replace Part LED? LED_phi 5 in C:\Users\admin\Downloads\PCB 8051_ESP32\PCB_Project_1\8051_ESP32CAM.SchDoc with LED_phi 5 from T306_TEN.SchLib
Replace Part LED? LED_phi 5 in C:\Users\admin\Downloads\PCB 8051_ESP32\PCB_Project_1\8051_ESP32CAM.SchDoc with LED_phi 5 from T306_TEN.SchLib
Replace Part LED? LED_phi 5 in C:\Users\admin\Downloads\PCB 8051_ESP32\PCB_Project_1\8051_ESP32CAM.SchDoc with LED_phi 5 from T306_TEN.SchLib
Replace Part LED? LED_phi 5 in C:\Users\admin\Downloads\PCB 8051_ESP32\PCB_Project_1\8051_ESP32CAM.SchDoc with LED_phi 5 from T306_TEN.SchLib
Replace Part LED? LED_phi 5 in C:\Users\admin\Downloads\PCB 8051_ESP32\PCB_Project_1\8051_ESP32CAM.SchDoc with LED_phi 5 from T306_TEN.SchLib
Replace Part LS? Speaker in C:\Users\admin\Downloads\PCB 8051_ESP32\PCB_Project_1\8051_ESP32CAM.SchDoc with Speaker from Miscellaneous Devices.IntLib
Replace Part LS? Buzzer in C:\Users\admin\Downloads\PCB 8051_ESP32\PCB_Project_1\8051_ESP32CAM.SchDoc with Buzzer from T306_TEN.SchLib
Replace Part Q? NPN in C:\Users\admin\Downloads\PCB 8051_ESP32\PCB_Project_1\8051_ESP32CAM.SchDoc with NPN from Miscellaneous Devices.IntLib
Replace Part R? Res1 in C:\Users\admin\Downloads\PCB 8051_ESP32\PCB_Project_1\8051_ESP32CAM.SchDoc with Res1 from Miscellaneous Devices.IntLib
Replace Part Res? Res1 in C:\Users\admin\Downloads\PCB 8051_ESP32\PCB_Project_1\8051_ESP32CAM.SchDoc with Res1 from Miscellaneous Devices.IntLib
Replace Part SW? SW2 in C:\Users\admin\Downloads\PCB 8051_ESP32\PCB_Project_1\8051_ESP32CAM.SchDoc with SW2 from T306_LOAI.SchLib
Replace Part SW? SW2 in C:\Users\admin\Downloads\PCB 8051_ESP32\PCB_Project_1\8051_ESP32CAM.SchDoc with SW2 from T306_LOAI.SchLib
Replace Part SW? SW2 in C:\Users\admin\Downloads\PCB 8051_ESP32\PCB_Project_1\8051_ESP32CAM.SchDoc with SW2 from T306_LOAI.SchLib
Replace Part Y? XTAL_1 in C:\Users\admin\Downloads\PCB 8051_ESP32\PCB_Project_1\8051_ESP32CAM.SchDoc with XTAL_1 from T306_LOAI.SchLib
